<?xml version="1.0" encoding="UTF-8"?>
<testsuite xmlns:xsi="http://www.w3.org/2001/XMLSchema-instance" xsi:noNamespaceSchemaLocation="https://maven.apache.org/surefire/maven-surefire-plugin/xsd/surefire-test-report-3.0.xsd" version="3.0" name="ec.edu.espe.calculator.controller.OperationControllerTest" time="0.155" tests="5" errors="1" skipped="0" failures="4">
  <properties>
[...]
</properties>
  <testcase name="testSetBasicOperation" classname="ec.edu.espe.calculator.controller.OperationControllerTest" time="0.044">
    <error message="Cannot invoke &quot;ec.edu.espe.calculator.controller.OperationController.setBasicOperation(ec.edu.espe.calculator.model.BasicOperation)&quot; because &quot;instance&quot; is null" type="java.lang.NullPointerException"><![CDATA[java.lang.NullPointerException: Cannot invoke "ec.edu.espe.calculator.controller.OperationController.setBasicOperation(ec.edu.espe.calculator.model.BasicOperation)" because "instance" is null
	at ec.edu.espe.calculator.controller.OperationControllerTest.testSetBasicOperation(OperationControllerTest.java:108)
	at java.base/java.lang.reflect.Method.invoke(Method.java:580)
	at java.base/java.util.ArrayList.forEach(ArrayList.java:1597)
	at java.base/java.util.ArrayList.forEach(ArrayList.java:1597)
]]></error>
    <system-out><![CDATA[setBasicOperation
]]></system-out>
  </testcase>
  <testcase name="testAdd_float_float" classname="ec.edu.espe.calculator.controller.OperationControllerTest" time="0.019">
    <failure message="expected: &lt;3.6&gt; but was: &lt;3.6000001&gt;" type="org.opentest4j.AssertionFailedError"><![CDATA[org.opentest4j.AssertionFailedError: expected: <3.6> but was: <3.6000001>
	at org.junit.jupiter.api.AssertionFailureBuilder.build(AssertionFailureBuilder.java:151)
	at org.junit.jupiter.api.AssertionFailureBuilder.buildAndThrow(AssertionFailureBuilder.java:132)
	at org.junit.jupiter.api.AssertEquals.failNotEqual(AssertEquals.java:197)
	at org.junit.jupiter.api.AssertEquals.assertEquals(AssertEquals.java:118)
	at org.junit.jupiter.api.AssertEquals.assertEquals(AssertEquals.java:113)
	at org.junit.jupiter.api.Assertions.assertEquals(Assertions.java:860)
	at ec.edu.espe.calculator.controller.OperationControllerTest.testAdd_float_float(OperationControllerTest.java:52)
	at java.base/java.lang.reflect.Method.invoke(Method.java:580)
	at java.base/java.util.ArrayList.forEach(ArrayList.java:1597)
	at java.base/java.util.ArrayList.forEach(ArrayList.java:1597)
]]></failure>
    <system-out><![CDATA[add
]]></system-out>
  </testcase>
  <testcase name="testGetBasicOperation" classname="ec.edu.espe.calculator.controller.OperationControllerTest" time="0.004">
    <failure message="The test case is a prototype." type="org.opentest4j.AssertionFailedError"><![CDATA[org.opentest4j.AssertionFailedError: The test case is a prototype.
	at org.junit.jupiter.api.AssertionUtils.fail(AssertionUtils.java:38)
	at org.junit.jupiter.api.Assertions.fail(Assertions.java:138)
	at ec.edu.espe.calculator.controller.OperationControllerTest.testGetBasicOperation(OperationControllerTest.java:97)
	at java.base/java.lang.reflect.Method.invoke(Method.java:580)
	at java.base/java.util.ArrayList.forEach(ArrayList.java:1597)
	at java.base/java.util.ArrayList.forEach(ArrayList.java:1597)
]]></failure>
    <system-out><![CDATA[getBasicOperation
]]></system-out>
  </testcase>
  <testcase name="testAdd_0args" classname="ec.edu.espe.calculator.controller.OperationControllerTest" time="0.005">
    <failure message="The test case is a prototype." type="org.opentest4j.AssertionFailedError"><![CDATA[org.opentest4j.AssertionFailedError: The test case is a prototype.
	at org.junit.jupiter.api.AssertionUtils.fail(AssertionUtils.java:38)
	at org.junit.jupiter.api.Assertions.fail(Assertions.java:138)
	at ec.edu.espe.calculator.controller.OperationControllerTest.testAdd_0args(OperationControllerTest.java:83)
	at java.base/java.lang.reflect.Method.invoke(Method.java:580)
	at java.base/java.util.ArrayList.forEach(ArrayList.java:1597)
	at java.base/java.util.ArrayList.forEach(ArrayList.java:1597)
]]></failure>
    <system-out><![CDATA[add
]]></system-out>
  </testcase>
  <testcase name="testAdd_float_floatBigNumbers" classname="ec.edu.espe.calculator.controller.OperationControllerTest" time="0.003">
    <failure message="The test case is a prototype." type="org.opentest4j.AssertionFailedError"><![CDATA[org.opentest4j.AssertionFailedError: The test case is a prototype.
	at org.junit.jupiter.api.AssertionUtils.fail(AssertionUtils.java:38)
	at org.junit.jupiter.api.Assertions.fail(Assertions.java:138)
	at ec.edu.espe.calculator.controller.OperationControllerTest.testAdd_float_floatBigNumbers(OperationControllerTest.java:68)
	at java.base/java.lang.reflect.Method.invoke(Method.java:580)
	at java.base/java.util.ArrayList.forEach(ArrayList.java:1597)
	at java.base/java.util.ArrayList.forEach(ArrayList.java:1597)
]]></failure>
    <system-out><![CDATA[add
]]></system-out>
  </testcase>
</testsuite>