<?xml version="1.0" encoding="UTF-8"?>
<testsuite xmlns:xsi="http://www.w3.org/2001/XMLSchema-instance" xsi:noNamespaceSchemaLocation="https://maven.apache.org/surefire/maven-surefire-plugin/xsd/surefire-test-report-3.0.xsd" version="3.0" name="ec.edu.espe.calculator.controller.BasicOperationControllerTest" time="0.091" tests="4" errors="0" skipped="0" failures="1">
  <properties>
[...]
</properties>
  <testcase name="testAdd_0argsBiggerNumbers" classname="ec.edu.espe.calculator.controller.BasicOperationControllerTest" time="0.033">
    <system-out><![CDATA[add
]]></system-out>
  </testcase>
  <testcase name="testSetBasicOperation" classname="ec.edu.espe.calculator.controller.BasicOperationControllerTest" time="0.003"/>
  <testcase name="testGetBasicOperation" classname="ec.edu.espe.calculator.controller.BasicOperationControllerTest" time="0.003"/>
  <testcase name="testAdd_float_floatBigNumbers" classname="ec.edu.espe.calculator.controller.BasicOperationControllerTest" time="0.008">
    <failure message="expected: &lt;20912.6&gt; but was: &lt;20912.602&gt;" type="org.opentest4j.AssertionFailedError"><![CDATA[org.opentest4j.AssertionFailedError: expected: <20912.6> but was: <20912.602>
	at org.junit.jupiter.api.AssertionFailureBuilder.build(AssertionFailureBuilder.java:151)
	at org.junit.jupiter.api.AssertionFailureBuilder.buildAndThrow(AssertionFailureBuilder.java:132)
	at org.junit.jupiter.api.AssertEquals.failNotEqual(AssertEquals.java:197)
	at org.junit.jupiter.api.AssertEquals.assertEquals(AssertEquals.java:118)
	at org.junit.jupiter.api.AssertEquals.assertEquals(AssertEquals.java:113)
	at org.junit.jupiter.api.Assertions.assertEquals(Assertions.java:860)
	at ec.edu.espe.calculator.controller.BasicOperationControllerTest.testAdd_float_floatBigNumbers(BasicOperationControllerTest.java:37)
	at java.base/java.lang.reflect.Method.invoke(Method.java:577)
	at java.base/java.util.ArrayList.forEach(ArrayList.java:1511)
	at java.base/java.util.ArrayList.forEach(ArrayList.java:1511)
]]></failure>
    <system-out><![CDATA[add
]]></system-out>
  </testcase>
</testsuite>