<?xml version="1.0" encoding="UTF-8"?>
<testsuite xmlns:xsi="http://www.w3.org/2001/XMLSchema-instance" xsi:noNamespaceSchemaLocation="https://maven.apache.org/surefire/maven-surefire-plugin/xsd/surefire-test-report-3.0.xsd" version="3.0" name="ec.espe.edu.calculator.controller.OperationControllerTest" time="0.103" tests="4" errors="4" skipped="0" failures="0">
  <properties>
[...]
</properties>
  <testcase name="testAdd" classname="ec.espe.edu.calculator.controller.OperationControllerTest" time="0.026">
    <error message="Cannot invoke &quot;ec.espe.edu.calculator.controller.OperationController.add(float, float)&quot; because &quot;instance&quot; is null" type="java.lang.NullPointerException"><![CDATA[java.lang.NullPointerException: Cannot invoke "ec.espe.edu.calculator.controller.OperationController.add(float, float)" because "instance" is null
	at ec.espe.edu.calculator.controller.OperationControllerTest.testAdd(OperationControllerTest.java:50)
	at java.base/java.lang.reflect.Method.invoke(Method.java:580)
	at java.base/java.util.ArrayList.forEach(ArrayList.java:1597)
	at java.base/java.util.ArrayList.forEach(ArrayList.java:1597)
]]></error>
    <system-out><![CDATA[add
]]></system-out>
  </testcase>
  <testcase name="testSetBasicOperation" classname="ec.espe.edu.calculator.controller.OperationControllerTest" time="0.005">
    <error message="Cannot invoke &quot;ec.espe.edu.calculator.controller.OperationController.setBasicOperation(ec.espe.edu.calculator.model.BasicOperation)&quot; because &quot;instance&quot; is null" type="java.lang.NullPointerException"><![CDATA[java.lang.NullPointerException: Cannot invoke "ec.espe.edu.calculator.controller.OperationController.setBasicOperation(ec.espe.edu.calculator.model.BasicOperation)" because "instance" is null
	at ec.espe.edu.calculator.controller.OperationControllerTest.testSetBasicOperation(OperationControllerTest.java:93)
	at java.base/java.lang.reflect.Method.invoke(Method.java:580)
	at java.base/java.util.ArrayList.forEach(ArrayList.java:1597)
	at java.base/java.util.ArrayList.forEach(ArrayList.java:1597)
]]></error>
    <system-out><![CDATA[setBasicOperation
]]></system-out>
  </testcase>
  <testcase name="testAddition" classname="ec.espe.edu.calculator.controller.OperationControllerTest" time="0.007">
    <error message="Cannot invoke &quot;ec.espe.edu.calculator.controller.OperationController.addition(ec.espe.edu.calculator.model.BasicOperation)&quot; because &quot;instance&quot; is null" type="java.lang.NullPointerException"><![CDATA[java.lang.NullPointerException: Cannot invoke "ec.espe.edu.calculator.controller.OperationController.addition(ec.espe.edu.calculator.model.BasicOperation)" because "instance" is null
	at ec.espe.edu.calculator.controller.OperationControllerTest.testAddition(OperationControllerTest.java:65)
	at java.base/java.lang.reflect.Method.invoke(Method.java:580)
	at java.base/java.util.ArrayList.forEach(ArrayList.java:1597)
	at java.base/java.util.ArrayList.forEach(ArrayList.java:1597)
]]></error>
    <system-out><![CDATA[addition
]]></system-out>
  </testcase>
  <testcase name="testGetBasicOperation" classname="ec.espe.edu.calculator.controller.OperationControllerTest" time="0.007">
    <error message="Cannot invoke &quot;ec.espe.edu.calculator.controller.OperationController.getBasicOperation()&quot; because &quot;instance&quot; is null" type="java.lang.NullPointerException"><![CDATA[java.lang.NullPointerException: Cannot invoke "ec.espe.edu.calculator.controller.OperationController.getBasicOperation()" because "instance" is null
	at ec.espe.edu.calculator.controller.OperationControllerTest.testGetBasicOperation(OperationControllerTest.java:79)
	at java.base/java.lang.reflect.Method.invoke(Method.java:580)
	at java.base/java.util.ArrayList.forEach(ArrayList.java:1597)
	at java.base/java.util.ArrayList.forEach(ArrayList.java:1597)
]]></error>
    <system-out><![CDATA[getBasicOperation
]]></system-out>
  </testcase>
</testsuite>