-------------------------------------------------------------------------------
Test set: ec.edu.espe.calculator.controller.BasicOperationControllerTest
-------------------------------------------------------------------------------
Tests run: 3, Failures: 3, Errors: 0, Skipped: 0, Time elapsed: 0.057 s <<< FAILURE! -- in ec.edu.espe.calculator.controller.BasicOperationControllerTest
ec.edu.espe.calculator.controller.BasicOperationControllerTest.testSetBasicOperation -- Time elapsed: 0.023 s <<< FAILURE!
org.opentest4j.AssertionFailedError: The test case is a prototype.
	at org.junit.jupiter.api.AssertionUtils.fail(AssertionUtils.java:38)
	at org.junit.jupiter.api.Assertions.fail(Assertions.java:138)
	at ec.edu.espe.calculator.controller.BasicOperationControllerTest.testSetBasicOperation(BasicOperationControllerTest.java:57)
	at java.base/java.lang.reflect.Method.invoke(Method.java:580)
	at java.base/java.util.ArrayList.forEach(ArrayList.java:1597)
	at java.base/java.util.ArrayList.forEach(ArrayList.java:1597)

ec.edu.espe.calculator.controller.BasicOperationControllerTest.testAdd_float_float -- Time elapsed: 0.005 s <<< FAILURE!
org.opentest4j.AssertionFailedError: expected: <3.6> but was: <2.6>
	at org.junit.jupiter.api.AssertionFailureBuilder.build(AssertionFailureBuilder.java:151)
	at org.junit.jupiter.api.AssertionFailureBuilder.buildAndThrow(AssertionFailureBuilder.java:132)
	at org.junit.jupiter.api.AssertEquals.failNotEqual(AssertEquals.java:197)
	at org.junit.jupiter.api.AssertEquals.assertEquals(AssertEquals.java:118)
	at org.junit.jupiter.api.AssertEquals.assertEquals(AssertEquals.java:113)
	at org.junit.jupiter.api.Assertions.assertEquals(Assertions.java:860)
	at ec.edu.espe.calculator.controller.BasicOperationControllerTest.testAdd_float_float(BasicOperationControllerTest.java:28)
	at java.base/java.lang.reflect.Method.invoke(Method.java:580)
	at java.base/java.util.ArrayList.forEach(ArrayList.java:1597)
	at java.base/java.util.ArrayList.forEach(ArrayList.java:1597)

ec.edu.espe.calculator.controller.BasicOperationControllerTest.testGetBasicOperation -- Time elapsed: 0.002 s <<< FAILURE!
org.opentest4j.AssertionFailedError: The test case is a prototype.
	at org.junit.jupiter.api.AssertionUtils.fail(AssertionUtils.java:38)
	at org.junit.jupiter.api.Assertions.fail(Assertions.java:138)
	at ec.edu.espe.calculator.controller.BasicOperationControllerTest.testGetBasicOperation(BasicOperationControllerTest.java:44)
	at java.base/java.lang.reflect.Method.invoke(Method.java:580)
	at java.base/java.util.ArrayList.forEach(ArrayList.java:1597)
	at java.base/java.util.ArrayList.forEach(ArrayList.java:1597)

